<?xml version="1.0" encoding="UTF-8"?>
<testng-results ignored="0" total="1" passed="1" failed="0" skipped="0">
  <reporter-output>
  </reporter-output>
  <suite started-at="2024-12-05T11:10:56 PKT" name="Default suite" finished-at="2024-12-05T11:11:21 PKT" duration-ms="24397">
    <groups>
    </groups>
    <test started-at="2024-12-05T11:10:56 PKT" name="Default test" finished-at="2024-12-05T11:11:21 PKT" duration-ms="24397">
      <class name="Selenium.Scripts.EmailAlerts">
        <test-method signature="EmailAlertsTestScripts()[pri:0, instance:Selenium.Scripts.EmailAlerts@4f83df68]" started-at="2024-12-05T11:10:56 PKT" name="EmailAlertsTestScripts" finished-at="2024-12-05T11:11:21 PKT" duration-ms="24331" status="PASS">
          <reporter-output>
          </reporter-output>
        </test-method> <!-- EmailAlertsTestScripts -->
      </class> <!-- Selenium.Scripts.EmailAlerts -->
    </test> <!-- Default test -->
  </suite> <!-- Default suite -->
</testng-results>
